<?xml version="1.0" encoding="UTF-8"?>
<!-- Generated by org.testng.reporters.JUnitReportReporter -->
<testsuite hostname="DESKTOP-NVK67B2" failures="0" tests="1" name="maven.ExtentReports.Demo" time="12.735" errors="0" timestamp="2023-10-19T11:39:59 IST" skipped="0">
  <testcase classname="maven.ExtentReports.Demo" name="testOne" time="12.735"/>
</testsuite> <!-- maven.ExtentReports.Demo -->
