<?xml version="1.0" encoding="UTF-8"?>
<!-- Generated by org.testng.reporters.JUnitReportReporter -->
<testsuite hostname="DESKTOP-NVK67B2" failures="0" tests="1" name="maven.ExtentReports.Demo1" time="60.807" errors="0" timestamp="2023-12-11T13:51:32 IST" skipped="0">
  <testcase classname="maven.ExtentReports.Demo1" name="loginTest" time="60.807"/>
</testsuite> <!-- maven.ExtentReports.Demo1 -->
